<?xml version="1.0" encoding="UTF-8"?>
<testng-results ignored="0" total="1" passed="1" failed="0" skipped="0">
  <reporter-output>
  </reporter-output>
  <suite started-at="2024-05-22T23:19:55 IST" name="Suite" finished-at="2024-05-22T23:20:04 IST" duration-ms="9003">
    <groups>
    </groups>
    <test started-at="2024-05-22T23:19:55 IST" name="Test" finished-at="2024-05-22T23:20:04 IST" duration-ms="9003">
      <class name="com.guru99.tests.LoginTests">
        <test-method is-config="true" signature="preSetup()[pri:0, instance:com.guru99.tests.LoginTests@4b0d79fc]" started-at="2024-05-22T23:19:55 IST" name="preSetup" finished-at="2024-05-22T23:19:55 IST" duration-ms="155" status="PASS">
          <reporter-output>
          </reporter-output>
        </test-method> <!-- preSetup -->
        <test-method is-config="true" signature="setup()[pri:0, instance:com.guru99.tests.LoginTests@4b0d79fc]" started-at="2024-05-22T23:19:55 IST" name="setup" finished-at="2024-05-22T23:20:02 IST" duration-ms="7521" status="PASS">
          <reporter-output>
          </reporter-output>
        </test-method> <!-- setup -->
        <test-method signature="verifyUserLoginWithCorrectCredentials(java.lang.String,java.lang.String)[pri:0, instance:com.guru99.tests.LoginTests@4b0d79fc]" started-at="2024-05-22T23:20:02 IST" name="verifyUserLoginWithCorrectCredentials" finished-at="2024-05-22T23:20:04 IST" duration-ms="1216" status="PASS">
          <params>
            <param index="0">
              <value>
                <![CDATA[mngr26593]]>
              </value>
            </param>
            <param index="1">
              <value>
                <![CDATA[1234567!]]>
              </value>
            </param>
          </params>
          <reporter-output>
          </reporter-output>
        </test-method> <!-- verifyUserLoginWithCorrectCredentials -->
        <test-method is-config="true" signature="postTestAction(org.testng.ITestResult)[pri:0, instance:com.guru99.tests.LoginTests@4b0d79fc]" started-at="2024-05-22T23:20:04 IST" name="postTestAction" finished-at="2024-05-22T23:20:04 IST" duration-ms="0" status="PASS">
          <params>
            <param index="0">
              <value>
                <![CDATA[[TestResult name=verifyUserLoginWithCorrectCredentials status=SUCCESS method=LoginTests.verifyUserLoginWithCorrectCredentials(java.lang.String,java.lang.String)[pri:0, instance:com.guru99.tests.LoginTests@4b0d79fc] output={null}]]]>
              </value>
            </param>
          </params>
          <reporter-output>
          </reporter-output>
        </test-method> <!-- postTestAction -->
        <test-method is-config="true" signature="teardown()[pri:0, instance:com.guru99.tests.LoginTests@4b0d79fc]" started-at="2024-05-22T23:20:04 IST" name="teardown" finished-at="2024-05-22T23:20:04 IST" duration-ms="217" status="PASS">
          <reporter-output>
          </reporter-output>
        </test-method> <!-- teardown -->
        <test-method is-config="true" signature="postTearDown()[pri:0, instance:com.guru99.tests.LoginTests@4b0d79fc]" started-at="2024-05-22T23:20:04 IST" name="postTearDown" finished-at="2024-05-22T23:20:04 IST" duration-ms="270" status="PASS">
          <reporter-output>
          </reporter-output>
        </test-method> <!-- postTearDown -->
      </class> <!-- com.guru99.tests.LoginTests -->
    </test> <!-- Test -->
  </suite> <!-- Suite -->
</testng-results>
